<?xml version="1.0" encoding="UTF-8"?>
<!-- Generated by org.testng.reporters.JUnitReportReporter -->
<testsuite hostname="fv-az200-413" failures="0" tests="2" name="runner.TestRunner" time="4.403" errors="0" timestamp="2021-08-11T04:44:38 UTC" skipped="0">
  <testcase classname="runner.TestRunner" name="runScenario" time="0.803"/>
  <system-out/>
  <testcase classname="runner.TestRunner" name="runScenario" time="3.600"/>
  <system-out/>
</testsuite> <!-- runner.TestRunner -->
