<?xml version="1.0" encoding="UTF-8"?>
<!-- Generated by org.testng.reporters.JUnitReportReporter -->
<testsuite hostname="fv-az214-48" failures="0" tests="2" name="runner.TestRunner" time="10.213" errors="0" timestamp="2021-08-11T04:41:27 UTC" skipped="0">
  <testcase classname="runner.TestRunner" name="runScenario" time="9.156"/>
  <system-out/>
  <testcase classname="runner.TestRunner" name="runScenario" time="1.057"/>
  <system-out/>
</testsuite> <!-- runner.TestRunner -->
