<?xml version="1.0" encoding="UTF-8"?>
<!-- Generated by org.testng.reporters.JUnitReportReporter -->
<testsuite hostname="fv-az202-360" failures="0" tests="2" name="runner.TestRunner" time="8.218" errors="0" timestamp="2021-08-11T05:11:15 UTC" skipped="0">
  <testcase classname="runner.TestRunner" name="runScenario" time="0.941"/>
  <system-out/>
  <testcase classname="runner.TestRunner" name="runScenario" time="7.277"/>
  <system-out/>
</testsuite> <!-- runner.TestRunner -->
