<?xml version="1.0" encoding="UTF-8"?>
<!-- Generated by org.testng.reporters.JUnitReportReporter -->
<testsuite hostname="fv-az75-714" failures="0" tests="2" name="runner.TestRunner" time="4.339" errors="0" timestamp="2021-08-11T05:23:05 UTC" skipped="0">
  <testcase classname="runner.TestRunner" name="runScenario" time="3.384"/>
  <system-out/>
  <testcase classname="runner.TestRunner" name="runScenario" time="0.955"/>
  <system-out/>
</testsuite> <!-- runner.TestRunner -->
